\BOOKMARK [1][-]{section.1}{Course Description}{}% 1
\BOOKMARK [1][-]{section.2}{Expected Learning Outcomes and Objectives}{}% 2
\BOOKMARK [1][-]{section.3}{Responsibilities of the Student}{}% 3
\BOOKMARK [2][-]{subsection.3.1}{Class Time and Location}{section.3}% 4
\BOOKMARK [2][-]{subsection.3.2}{Instructor}{section.3}% 5
\BOOKMARK [2][-]{subsection.3.3}{Recommended Texts}{section.3}% 6
\BOOKMARK [1][-]{section.4}{Mode of Instruction}{}% 7
\BOOKMARK [1][-]{section.5}{Contingency Statement}{}% 8
\BOOKMARK [1][-]{section.6}{Course Materials}{}% 9
\BOOKMARK [1][-]{section.7}{Attendance Policy}{}% 10
\BOOKMARK [1][-]{section.8}{Course Assessment}{}% 11
\BOOKMARK [2][-]{subsection.8.1}{Participation and Engagement}{section.8}% 12
\BOOKMARK [2][-]{subsection.8.2}{Lab journal}{section.8}% 13
\BOOKMARK [2][-]{subsection.8.3}{Final report}{section.8}% 14
\BOOKMARK [1][-]{section.9}{Grading}{}% 15
\BOOKMARK [1][-]{section.10}{Grading Scale}{}% 16
\BOOKMARK [1][-]{section.11}{Missing In-class Activities}{}% 17
\BOOKMARK [2][-]{subsection.11.1}{Officially Approved Trips}{section.11}% 18
\BOOKMARK [2][-]{subsection.11.2}{Illness Based Absence Policy}{section.11}% 19
\BOOKMARK [2][-]{subsection.11.3}{Special Circumstance Absence}{section.11}% 20
\BOOKMARK [1][-]{section.12}{TTU COVID-19 Policy Reminders}{}% 21
\BOOKMARK [1][-]{section.13}{Special Considerations}{}% 22
\BOOKMARK [2][-]{subsection.13.1}{Disabling Condition}{section.13}% 23
\BOOKMARK [2][-]{subsection.13.2}{Religious Holy Days}{section.13}% 24
\BOOKMARK [1][-]{section.14}{Academic Integrity}{}% 25
\BOOKMARK [1][-]{section.15}{TTU Resources for Discrimination, Harassment, and Sexual Violence}{}% 26
\BOOKMARK [1][-]{section.16}{LGBTQIA}{}% 27
\BOOKMARK [1][-]{section.17}{Online Classroom Civility}{}% 28
\BOOKMARK [1][-]{section.18}{Creating Livable Futures}{}% 29
